Copyright 1986-2017 Xilinx, Inc. All Rights Reserved.
------------------------------------------------------------------------------------
| Tool Version : Vivado v.2017.4 (win64) Build 2086221 Fri Dec 15 20:55:39 MST 2017
| Date         : Mon Sep 16 15:01:11 2024
| Host         : Lee running 64-bit major release  (build 9200)
| Command      : upgrade_ip
| Device       : xc7k160tffg676-2L
------------------------------------------------------------------------------------

Upgrade Log for IP 'ALU_srl32_0_0'

1. Summary
----------

SUCCESS in the conversion of ALU_srl32_0_0 (xilinx.com:user:srl32:1.0 (Rev. 2)) to Vivado generation flows.






Copyright 1986-2017 Xilinx, Inc. All Rights Reserved.
------------------------------------------------------------------------------------
| Tool Version : Vivado v.2017.4 (win64) Build 2086221 Fri Dec 15 20:55:39 MST 2017
| Date         : Mon Sep 16 15:01:10 2024
| Host         : Lee running 64-bit major release  (build 9200)
| Command      : upgrade_ip
| Device       : xc7k160tffg676-2L
------------------------------------------------------------------------------------

Upgrade Log for IP 'ALU_and32_0_0'

1. Summary
----------

SUCCESS in the conversion of ALU_and32_0_0 (xilinx.com:user:and32:1.0 (Rev. 2)) to Vivado generation flows.

