#-----------------------------------------------------------
# Vivado v2017.4 (64-bit)
# SW Build 2086221 on Fri Dec 15 20:55:39 MST 2017
# IP Build 2085800 on Fri Dec 15 22:25:07 MST 2017
# Start of session at: Mon Sep 16 00:20:09 2024
# Process ID: 4688
# Current directory: D:/Vivado_Labs/Lab1/OExp01-ALU
# Command line: vivado.exe -gui_launcher_event rodinguilauncherevent10788 D:\Vivado_Labs\Lab1\OExp01-ALU\OExp01-ALU.xpr
# Log file: D:/Vivado_Labs/Lab1/OExp01-ALU/vivado.log
# Journal file: D:/Vivado_Labs/Lab1/OExp01-ALU\vivado.jou
#-----------------------------------------------------------
start_gui
open_project D:/Vivado_Labs/Lab1/OExp01-ALU/OExp01-ALU.xpr
INFO: [Project 1-313] Project file moved from 'D:/Vivado_Labs/OExp01-ALU' since last save.
ERROR: [BD 41-1809] Block design name '' found in BD file does not match with actual file name 'ALU.bd'. BD file on disk must be named '.bd'
CRITICAL WARNING: [Project 1-311] Could not find the file 'D:/Vivado_Labs/Lab1/OExp01-ALU/OExp01-ALU.srcs/sources_1/bd/ALU/hdl/ALU_wrapper.v', nor could it be found using path 'D:/Vivado_Labs/OExp01-ALU/OExp01-ALU.srcs/sources_1/bd/ALU/hdl/ALU_wrapper.v'.
CRITICAL WARNING: [Project 1-311] Could not find the file 'D:/Vivado_Labs/Lab1/OExp01-ALU/OExp01-ALU.srcs/component.xml', nor could it be found using path 'D:/Vivado_Labs/OExp01-ALU/OExp01-ALU.srcs/component.xml'.
Scanning sources...
Finished scanning sources
INFO: [IP_Flow 19-234] Refreshing IP repositories
INFO: [IP_Flow 19-1700] Loaded user IP repository 'd:/Vivado_Labs/Lab1/OExp01-ALU/OExp01-ALU.srcs'.
INFO: [IP_Flow 19-1700] Loaded user IP repository 'd:/Vivado_Labs/Lab1/OExp01-ALU/IP_Include'.
INFO: [IP_Flow 19-2313] Loaded Vivado IP repository 'D:/apps/Vivado/Vivado/2017.4/data/ip'.
open_project: Time (s): cpu = 00:00:03 ; elapsed = 00:00:06 . Memory (MB): peak = 844.629 ; gain = 74.637
ERROR: [Common 17-39] 'open_project' failed due to earlier errors.
update_compile_order -fileset sources_1
export_ip_user_files -of_objects  [get_files D:/Vivado_Labs/Lab1/OExp01-ALU/OExp01-ALU.srcs/sources_1/bd/ALU/hdl/ALU_wrapper.v] -no_script -reset -force -quiet
remove_files  D:/Vivado_Labs/Lab1/OExp01-ALU/OExp01-ALU.srcs/sources_1/bd/ALU/hdl/ALU_wrapper.v
export_ip_user_files -of_objects  [get_files D:/Vivado_Labs/Lab1/OExp01-ALU/OExp01-ALU.srcs/component.xml] -no_script -reset -force -quiet
remove_files  D:/Vivado_Labs/Lab1/OExp01-ALU/OExp01-ALU.srcs/component.xml
open_bd_design {D:/Vivado_Labs/Lab1/OExp01-ALU/OExp01-ALU.srcs/sources_1/bd/ALU/ALU.bd}
ERROR: [BD 41-469] Cannot find top attribute on <bd:repository> element in BD file
ERROR: [BD 41-425] Failed to read Diagram <ALU> from BD file <D:/Vivado_Labs/Lab1/OExp01-ALU/OExp01-ALU.srcs/sources_1/bd/ALU/ALU.bd>
ERROR: [Common 17-39] 'open_bd_design' failed due to earlier errors.
exit
INFO: [Common 17-206] Exiting Vivado at Mon Sep 16 00:21:27 2024...
