
*** Running vivado
    with args -log Pipeline_CPU.vds -m64 -product Vivado -mode batch -messageDb vivado.pb -notrace -source Pipeline_CPU.tcl


ECHO 处于关闭状态。
ECHO 处于关闭状态。

****** Vivado v2023.2 (64-bit)
  **** SW Build 4029153 on Fri Oct 13 20:14:34 MDT 2023
  **** IP Build 4028589 on Sat Oct 14 00:45:43 MDT 2023
  **** SharedData Build 4025554 on Tue Oct 10 17:18:54 MDT 2023
    ** Copyright 1986-2022 Xilinx, Inc. All Rights Reserved.
    ** Copyright 2022-2023 Advanced Micro Devices, Inc. All Rights Reserved.

source Pipeline_CPU.tcl -notrace
create_project: Time (s): cpu = 00:00:01 ; elapsed = 00:00:06 . Memory (MB): peak = 485.852 ; gain = 180.992
INFO: [IP_Flow 19-234] Refreshing IP repositories
INFO: [IP_Flow 19-1700] Loaded user IP repository 'd:/Vivado_Labs/IPs'.
INFO: [IP_Flow 19-2313] Loaded Vivado IP repository 'D:/apps/Xilinx/Vivado/2023.2/data/ip'.
Command: read_checkpoint -auto_incremental -incremental D:/Vivado_Labs/Lab5/OExp05-Pipeline_CPU/OExp05-Pipeline_CPU.srcs/utils_1/imports/synth_1/Pipeline_CPU.dcp
INFO: [Vivado 12-5825] Read reference checkpoint from D:/Vivado_Labs/Lab5/OExp05-Pipeline_CPU/OExp05-Pipeline_CPU.srcs/utils_1/imports/synth_1/Pipeline_CPU.dcp for incremental synthesis
INFO: [Vivado 12-7989] Please ensure there are no constraint changes
Command: synth_design -top Pipeline_CPU -part xc7a100tcsg324-1
Starting synth_design
Attempting to get a license for feature 'Synthesis' and/or device 'xc7a100t'
INFO: [Common 17-349] Got license for feature 'Synthesis' and/or device 'xc7a100t'
INFO: [Device 21-403] Loading part xc7a100tcsg324-1
INFO: [Designutils 20-5440] No compile time benefit to using incremental synthesis; A full resynthesis will be run
INFO: [Designutils 20-4379] Flow is switching to default flow due to incremental criteria not met. If you would like to alter this behaviour and have the flow terminate instead, please set the following parameter config_implementation {autoIncr.Synth.RejectBehavior Terminate}
INFO: [Synth 8-7079] Multithreading enabled for synth_design using a maximum of 2 processes.
INFO: [Synth 8-7078] Launching helper process for spawning children vivado processes
INFO: [Synth 8-7075] Helper process launched with PID 6500
---------------------------------------------------------------------------------
Starting RTL Elaboration : Time (s): cpu = 00:00:01 ; elapsed = 00:00:04 . Memory (MB): peak = 1349.031 ; gain = 441.332
---------------------------------------------------------------------------------
WARNING: [Synth 8-11121] redeclaration of ANSI port 'PC_out_IF' is not allowed [D:/Vivado_Labs/Lab5/OExp05-Pipeline_CPU/OExp05-Pipeline_CPU.srcs/sources_1/new/Pipeline_CPU.v:41]
WARNING: [Synth 8-11121] redeclaration of ANSI port 'PC_out_EX' is not allowed [D:/Vivado_Labs/Lab5/OExp05-Pipeline_CPU/OExp05-Pipeline_CPU.srcs/sources_1/new/Pipeline_CPU.v:77]
WARNING: [Synth 8-11121] redeclaration of ANSI port 'Data_out_WB' is not allowed [D:/Vivado_Labs/Lab5/OExp05-Pipeline_CPU/OExp05-Pipeline_CPU.srcs/sources_1/new/Pipeline_CPU.v:109]
INFO: [Synth 8-11241] undeclared symbol 'RegWrite_out_EXMeme', assumed default net type 'wire' [D:/Vivado_Labs/Lab5/OExp05-Pipeline_CPU/OExp05-Pipeline_CPU.srcs/sources_1/new/Pipeline_CPU.v:246]
INFO: [Synth 8-6157] synthesizing module 'Pipeline_CPU' [D:/Vivado_Labs/Lab5/OExp05-Pipeline_CPU/OExp05-Pipeline_CPU.srcs/sources_1/new/Pipeline_CPU.v:23]
INFO: [Synth 8-6157] synthesizing module 'Pipeline_IF' [D:/Vivado_Labs/Lab5/OExp05-Pipeline_CPU/OExp05-Pipeline_CPU.srcs/sources_1/new/Pipeline_IF.v:23]
INFO: [Synth 8-6157] synthesizing module 'MUX2T1_32_0' [d:/Vivado_Labs/Lab5/OExp05-Pipeline_CPU/OExp05-Pipeline_CPU.gen/sources_1/ip/MUX2T1_32_0/synth/MUX2T1_32_0.v:53]
INFO: [Synth 8-6157] synthesizing module 'MUX2T1_32' [d:/Vivado_Labs/Lab5/OExp05-Pipeline_CPU/OExp05-Pipeline_CPU.gen/sources_1/ip/MUX2T1_32_0/src/MUX2T1_32.v:23]
INFO: [Synth 8-6155] done synthesizing module 'MUX2T1_32' (0#1) [d:/Vivado_Labs/Lab5/OExp05-Pipeline_CPU/OExp05-Pipeline_CPU.gen/sources_1/ip/MUX2T1_32_0/src/MUX2T1_32.v:23]
INFO: [Synth 8-6155] done synthesizing module 'MUX2T1_32_0' (0#1) [d:/Vivado_Labs/Lab5/OExp05-Pipeline_CPU/OExp05-Pipeline_CPU.gen/sources_1/ip/MUX2T1_32_0/synth/MUX2T1_32_0.v:53]
WARNING: [Synth 8-689] width (32) of port connection 's' does not match port width (1) of module 'MUX2T1_32_0' [D:/Vivado_Labs/Lab5/OExp05-Pipeline_CPU/OExp05-Pipeline_CPU.srcs/sources_1/new/Pipeline_IF.v:39]
INFO: [Synth 8-6157] synthesizing module 'REG32' [D:/Vivado_Labs/Lab5/OExp05-Pipeline_CPU/OExp05-Pipeline_CPU.srcs/sources_1/new/REG32.v:23]
INFO: [Synth 8-6155] done synthesizing module 'REG32' (0#1) [D:/Vivado_Labs/Lab5/OExp05-Pipeline_CPU/OExp05-Pipeline_CPU.srcs/sources_1/new/REG32.v:23]
INFO: [Synth 8-6157] synthesizing module 'add_32' [D:/Vivado_Labs/Lab5/OExp05-Pipeline_CPU/OExp05-Pipeline_CPU.srcs/sources_1/new/add_32.v:23]
INFO: [Synth 8-6155] done synthesizing module 'add_32' (0#1) [D:/Vivado_Labs/Lab5/OExp05-Pipeline_CPU/OExp05-Pipeline_CPU.srcs/sources_1/new/add_32.v:23]
INFO: [Synth 8-6155] done synthesizing module 'Pipeline_IF' (0#1) [D:/Vivado_Labs/Lab5/OExp05-Pipeline_CPU/OExp05-Pipeline_CPU.srcs/sources_1/new/Pipeline_IF.v:23]
INFO: [Synth 8-6157] synthesizing module 'IF_reg_ID' [D:/Vivado_Labs/Lab5/OExp05-Pipeline_CPU/OExp05-Pipeline_CPU.srcs/sources_1/new/IF_reg_ID.v:23]
INFO: [Synth 8-6155] done synthesizing module 'IF_reg_ID' (0#1) [D:/Vivado_Labs/Lab5/OExp05-Pipeline_CPU/OExp05-Pipeline_CPU.srcs/sources_1/new/IF_reg_ID.v:23]
INFO: [Synth 8-6157] synthesizing module 'Pipeline_ID' [D:/Vivado_Labs/Lab5/OExp05-Pipeline_CPU/OExp05-Pipeline_CPU.srcs/sources_1/new/Pipeline_ID.v:23]
INFO: [Synth 8-6157] synthesizing module 'Regs_0' [d:/Vivado_Labs/Lab5/OExp05-Pipeline_CPU/OExp05-Pipeline_CPU.gen/sources_1/ip/Regs_0/synth/Regs_0.v:53]
INFO: [Synth 8-6157] synthesizing module 'Regs' [d:/Vivado_Labs/Lab5/OExp05-Pipeline_CPU/OExp05-Pipeline_CPU.gen/sources_1/ip/Regs_0/src/Regs.v:23]
INFO: [Synth 8-6155] done synthesizing module 'Regs' (0#1) [d:/Vivado_Labs/Lab5/OExp05-Pipeline_CPU/OExp05-Pipeline_CPU.gen/sources_1/ip/Regs_0/src/Regs.v:23]
INFO: [Synth 8-6155] done synthesizing module 'Regs_0' (0#1) [d:/Vivado_Labs/Lab5/OExp05-Pipeline_CPU/OExp05-Pipeline_CPU.gen/sources_1/ip/Regs_0/synth/Regs_0.v:53]
WARNING: [Synth 8-689] width (32) of port connection 'Wt_addr' does not match port width (5) of module 'Regs_0' [D:/Vivado_Labs/Lab5/OExp05-Pipeline_CPU/OExp05-Pipeline_CPU.srcs/sources_1/new/Pipeline_ID.v:53]
WARNING: [Synth 8-689] width (32) of port connection 'RegWrite' does not match port width (1) of module 'Regs_0' [D:/Vivado_Labs/Lab5/OExp05-Pipeline_CPU/OExp05-Pipeline_CPU.srcs/sources_1/new/Pipeline_ID.v:55]
WARNING: [Synth 8-7071] port 'Reg00' of module 'Regs_0' is unconnected for instance 'Regs_0' [D:/Vivado_Labs/Lab5/OExp05-Pipeline_CPU/OExp05-Pipeline_CPU.srcs/sources_1/new/Pipeline_ID.v:48]
WARNING: [Synth 8-7071] port 'Reg01' of module 'Regs_0' is unconnected for instance 'Regs_0' [D:/Vivado_Labs/Lab5/OExp05-Pipeline_CPU/OExp05-Pipeline_CPU.srcs/sources_1/new/Pipeline_ID.v:48]
WARNING: [Synth 8-7071] port 'Reg02' of module 'Regs_0' is unconnected for instance 'Regs_0' [D:/Vivado_Labs/Lab5/OExp05-Pipeline_CPU/OExp05-Pipeline_CPU.srcs/sources_1/new/Pipeline_ID.v:48]
WARNING: [Synth 8-7071] port 'Reg03' of module 'Regs_0' is unconnected for instance 'Regs_0' [D:/Vivado_Labs/Lab5/OExp05-Pipeline_CPU/OExp05-Pipeline_CPU.srcs/sources_1/new/Pipeline_ID.v:48]
WARNING: [Synth 8-7071] port 'Reg04' of module 'Regs_0' is unconnected for instance 'Regs_0' [D:/Vivado_Labs/Lab5/OExp05-Pipeline_CPU/OExp05-Pipeline_CPU.srcs/sources_1/new/Pipeline_ID.v:48]
WARNING: [Synth 8-7071] port 'Reg05' of module 'Regs_0' is unconnected for instance 'Regs_0' [D:/Vivado_Labs/Lab5/OExp05-Pipeline_CPU/OExp05-Pipeline_CPU.srcs/sources_1/new/Pipeline_ID.v:48]
WARNING: [Synth 8-7071] port 'Reg06' of module 'Regs_0' is unconnected for instance 'Regs_0' [D:/Vivado_Labs/Lab5/OExp05-Pipeline_CPU/OExp05-Pipeline_CPU.srcs/sources_1/new/Pipeline_ID.v:48]
WARNING: [Synth 8-7071] port 'Reg07' of module 'Regs_0' is unconnected for instance 'Regs_0' [D:/Vivado_Labs/Lab5/OExp05-Pipeline_CPU/OExp05-Pipeline_CPU.srcs/sources_1/new/Pipeline_ID.v:48]
WARNING: [Synth 8-7071] port 'Reg08' of module 'Regs_0' is unconnected for instance 'Regs_0' [D:/Vivado_Labs/Lab5/OExp05-Pipeline_CPU/OExp05-Pipeline_CPU.srcs/sources_1/new/Pipeline_ID.v:48]
WARNING: [Synth 8-7071] port 'Reg09' of module 'Regs_0' is unconnected for instance 'Regs_0' [D:/Vivado_Labs/Lab5/OExp05-Pipeline_CPU/OExp05-Pipeline_CPU.srcs/sources_1/new/Pipeline_ID.v:48]
WARNING: [Synth 8-7071] port 'Reg10' of module 'Regs_0' is unconnected for instance 'Regs_0' [D:/Vivado_Labs/Lab5/OExp05-Pipeline_CPU/OExp05-Pipeline_CPU.srcs/sources_1/new/Pipeline_ID.v:48]
WARNING: [Synth 8-7071] port 'Reg11' of module 'Regs_0' is unconnected for instance 'Regs_0' [D:/Vivado_Labs/Lab5/OExp05-Pipeline_CPU/OExp05-Pipeline_CPU.srcs/sources_1/new/Pipeline_ID.v:48]
WARNING: [Synth 8-7071] port 'Reg12' of module 'Regs_0' is unconnected for instance 'Regs_0' [D:/Vivado_Labs/Lab5/OExp05-Pipeline_CPU/OExp05-Pipeline_CPU.srcs/sources_1/new/Pipeline_ID.v:48]
WARNING: [Synth 8-7071] port 'Reg13' of module 'Regs_0' is unconnected for instance 'Regs_0' [D:/Vivado_Labs/Lab5/OExp05-Pipeline_CPU/OExp05-Pipeline_CPU.srcs/sources_1/new/Pipeline_ID.v:48]
WARNING: [Synth 8-7071] port 'Reg14' of module 'Regs_0' is unconnected for instance 'Regs_0' [D:/Vivado_Labs/Lab5/OExp05-Pipeline_CPU/OExp05-Pipeline_CPU.srcs/sources_1/new/Pipeline_ID.v:48]
WARNING: [Synth 8-7071] port 'Reg15' of module 'Regs_0' is unconnected for instance 'Regs_0' [D:/Vivado_Labs/Lab5/OExp05-Pipeline_CPU/OExp05-Pipeline_CPU.srcs/sources_1/new/Pipeline_ID.v:48]
WARNING: [Synth 8-7071] port 'Reg16' of module 'Regs_0' is unconnected for instance 'Regs_0' [D:/Vivado_Labs/Lab5/OExp05-Pipeline_CPU/OExp05-Pipeline_CPU.srcs/sources_1/new/Pipeline_ID.v:48]
WARNING: [Synth 8-7071] port 'Reg17' of module 'Regs_0' is unconnected for instance 'Regs_0' [D:/Vivado_Labs/Lab5/OExp05-Pipeline_CPU/OExp05-Pipeline_CPU.srcs/sources_1/new/Pipeline_ID.v:48]
WARNING: [Synth 8-7071] port 'Reg18' of module 'Regs_0' is unconnected for instance 'Regs_0' [D:/Vivado_Labs/Lab5/OExp05-Pipeline_CPU/OExp05-Pipeline_CPU.srcs/sources_1/new/Pipeline_ID.v:48]
WARNING: [Synth 8-7071] port 'Reg19' of module 'Regs_0' is unconnected for instance 'Regs_0' [D:/Vivado_Labs/Lab5/OExp05-Pipeline_CPU/OExp05-Pipeline_CPU.srcs/sources_1/new/Pipeline_ID.v:48]
WARNING: [Synth 8-7071] port 'Reg20' of module 'Regs_0' is unconnected for instance 'Regs_0' [D:/Vivado_Labs/Lab5/OExp05-Pipeline_CPU/OExp05-Pipeline_CPU.srcs/sources_1/new/Pipeline_ID.v:48]
WARNING: [Synth 8-7071] port 'Reg21' of module 'Regs_0' is unconnected for instance 'Regs_0' [D:/Vivado_Labs/Lab5/OExp05-Pipeline_CPU/OExp05-Pipeline_CPU.srcs/sources_1/new/Pipeline_ID.v:48]
WARNING: [Synth 8-7071] port 'Reg22' of module 'Regs_0' is unconnected for instance 'Regs_0' [D:/Vivado_Labs/Lab5/OExp05-Pipeline_CPU/OExp05-Pipeline_CPU.srcs/sources_1/new/Pipeline_ID.v:48]
WARNING: [Synth 8-7071] port 'Reg23' of module 'Regs_0' is unconnected for instance 'Regs_0' [D:/Vivado_Labs/Lab5/OExp05-Pipeline_CPU/OExp05-Pipeline_CPU.srcs/sources_1/new/Pipeline_ID.v:48]
WARNING: [Synth 8-7071] port 'Reg24' of module 'Regs_0' is unconnected for instance 'Regs_0' [D:/Vivado_Labs/Lab5/OExp05-Pipeline_CPU/OExp05-Pipeline_CPU.srcs/sources_1/new/Pipeline_ID.v:48]
WARNING: [Synth 8-7071] port 'Reg25' of module 'Regs_0' is unconnected for instance 'Regs_0' [D:/Vivado_Labs/Lab5/OExp05-Pipeline_CPU/OExp05-Pipeline_CPU.srcs/sources_1/new/Pipeline_ID.v:48]
WARNING: [Synth 8-7071] port 'Reg26' of module 'Regs_0' is unconnected for instance 'Regs_0' [D:/Vivado_Labs/Lab5/OExp05-Pipeline_CPU/OExp05-Pipeline_CPU.srcs/sources_1/new/Pipeline_ID.v:48]
WARNING: [Synth 8-7071] port 'Reg27' of module 'Regs_0' is unconnected for instance 'Regs_0' [D:/Vivado_Labs/Lab5/OExp05-Pipeline_CPU/OExp05-Pipeline_CPU.srcs/sources_1/new/Pipeline_ID.v:48]
WARNING: [Synth 8-7071] port 'Reg28' of module 'Regs_0' is unconnected for instance 'Regs_0' [D:/Vivado_Labs/Lab5/OExp05-Pipeline_CPU/OExp05-Pipeline_CPU.srcs/sources_1/new/Pipeline_ID.v:48]
WARNING: [Synth 8-7071] port 'Reg29' of module 'Regs_0' is unconnected for instance 'Regs_0' [D:/Vivado_Labs/Lab5/OExp05-Pipeline_CPU/OExp05-Pipeline_CPU.srcs/sources_1/new/Pipeline_ID.v:48]
WARNING: [Synth 8-7071] port 'Reg30' of module 'Regs_0' is unconnected for instance 'Regs_0' [D:/Vivado_Labs/Lab5/OExp05-Pipeline_CPU/OExp05-Pipeline_CPU.srcs/sources_1/new/Pipeline_ID.v:48]
WARNING: [Synth 8-7071] port 'Reg31' of module 'Regs_0' is unconnected for instance 'Regs_0' [D:/Vivado_Labs/Lab5/OExp05-Pipeline_CPU/OExp05-Pipeline_CPU.srcs/sources_1/new/Pipeline_ID.v:48]
WARNING: [Synth 8-7023] instance 'Regs_0' of module 'Regs_0' has 41 connections declared, but only 9 given [D:/Vivado_Labs/Lab5/OExp05-Pipeline_CPU/OExp05-Pipeline_CPU.srcs/sources_1/new/Pipeline_ID.v:48]
INFO: [Synth 8-6157] synthesizing module 'ImmGen' [D:/Vivado_Labs/Lab5/OExp05-Pipeline_CPU/OExp05-Pipeline_CPU.srcs/sources_1/new/ImmGen.v:23]
INFO: [Synth 8-6155] done synthesizing module 'ImmGen' (0#1) [D:/Vivado_Labs/Lab5/OExp05-Pipeline_CPU/OExp05-Pipeline_CPU.srcs/sources_1/new/ImmGen.v:23]
INFO: [Synth 8-6157] synthesizing module 'SCPU_ctrl' [D:/Vivado_Labs/Lab5/OExp05-Pipeline_CPU/OExp05-Pipeline_CPU.srcs/sources_1/new/SCPU_ctrl.v:23]
INFO: [Synth 8-6155] done synthesizing module 'SCPU_ctrl' (0#1) [D:/Vivado_Labs/Lab5/OExp05-Pipeline_CPU/OExp05-Pipeline_CPU.srcs/sources_1/new/SCPU_ctrl.v:23]
WARNING: [Synth 8-7071] port 'MIO_ready' of module 'SCPU_ctrl' is unconnected for instance 'SCPU_ctrl_0' [D:/Vivado_Labs/Lab5/OExp05-Pipeline_CPU/OExp05-Pipeline_CPU.srcs/sources_1/new/Pipeline_ID.v:68]
WARNING: [Synth 8-7071] port 'CPU_MIO' of module 'SCPU_ctrl' is unconnected for instance 'SCPU_ctrl_0' [D:/Vivado_Labs/Lab5/OExp05-Pipeline_CPU/OExp05-Pipeline_CPU.srcs/sources_1/new/Pipeline_ID.v:68]
WARNING: [Synth 8-7023] instance 'SCPU_ctrl_0' of module 'SCPU_ctrl' has 13 connections declared, but only 11 given [D:/Vivado_Labs/Lab5/OExp05-Pipeline_CPU/OExp05-Pipeline_CPU.srcs/sources_1/new/Pipeline_ID.v:68]
INFO: [Synth 8-6155] done synthesizing module 'Pipeline_ID' (0#1) [D:/Vivado_Labs/Lab5/OExp05-Pipeline_CPU/OExp05-Pipeline_CPU.srcs/sources_1/new/Pipeline_ID.v:23]
INFO: [Synth 8-6157] synthesizing module 'ID_reg_Ex' [D:/Vivado_Labs/Lab5/OExp05-Pipeline_CPU/OExp05-Pipeline_CPU.srcs/sources_1/new/ID_reg_Ex.v:23]
INFO: [Synth 8-6155] done synthesizing module 'ID_reg_Ex' (0#1) [D:/Vivado_Labs/Lab5/OExp05-Pipeline_CPU/OExp05-Pipeline_CPU.srcs/sources_1/new/ID_reg_Ex.v:23]
WARNING: [Synth 8-689] width (5) of port connection 'Rd_addr_out_IDEX' does not match port width (32) of module 'ID_reg_Ex' [D:/Vivado_Labs/Lab5/OExp05-Pipeline_CPU/OExp05-Pipeline_CPU.srcs/sources_1/new/Pipeline_CPU.v:171]
WARNING: [Synth 8-689] width (1) of port connection 'ALUSrc_B_out_IDEX' does not match port width (32) of module 'ID_reg_Ex' [D:/Vivado_Labs/Lab5/OExp05-Pipeline_CPU/OExp05-Pipeline_CPU.srcs/sources_1/new/Pipeline_CPU.v:175]
INFO: [Synth 8-6157] synthesizing module 'Pipeline_Ex' [D:/Vivado_Labs/Lab5/pre/Pipeline_Ex.v:15]
WARNING: [Synth 8-689] width (32) of port connection 'zero_out_EX' does not match port width (1) of module 'Pipeline_Ex_bbox_0' [D:/Vivado_Labs/Lab5/OExp05-Pipeline_CPU/OExp05-Pipeline_CPU.srcs/sources_1/new/Pipeline_CPU.v:194]
INFO: [Synth 8-6157] synthesizing module 'Ex_reg_Mem' [D:/Vivado_Labs/Lab5/pre/Ex_reg_Mem.v:15]
WARNING: [Synth 8-689] width (32) of port connection 'zero_in_EXMem' does not match port width (1) of module 'Ex_reg_Mem_bbox_1' [D:/Vivado_Labs/Lab5/OExp05-Pipeline_CPU/OExp05-Pipeline_CPU.srcs/sources_1/new/Pipeline_CPU.v:206]
WARNING: [Synth 8-689] width (32) of port connection 'Rd_addr_out_EXMem' does not match port width (5) of module 'Ex_reg_Mem_bbox_1' [D:/Vivado_Labs/Lab5/OExp05-Pipeline_CPU/OExp05-Pipeline_CPU.srcs/sources_1/new/Pipeline_CPU.v:217]
INFO: [Synth 8-6157] synthesizing module 'Pipeline_Mem' [D:/Vivado_Labs/Lab5/pre/Pipeline_Mem.v:15]
INFO: [Synth 8-6157] synthesizing module 'Mem_reg_WB' [D:/Vivado_Labs/Lab5/pre/Mem_reg_WB.v:15]
WARNING: [Synth 8-689] width (32) of port connection 'Rd_addr_MemWB' does not match port width (5) of module 'Mem_reg_WB_bbox_3' [D:/Vivado_Labs/Lab5/OExp05-Pipeline_CPU/OExp05-Pipeline_CPU.srcs/sources_1/new/Pipeline_CPU.v:242]
INFO: [Synth 8-6157] synthesizing module 'Pipeline_WB' [D:/Vivado_Labs/Lab5/pre/Pipeline_WB.v:15]
INFO: [Synth 8-6155] done synthesizing module 'Pipeline_CPU' (0#1) [D:/Vivado_Labs/Lab5/OExp05-Pipeline_CPU/OExp05-Pipeline_CPU.srcs/sources_1/new/Pipeline_CPU.v:23]
WARNING: [Synth 8-3848] Net CPU_MIO in module/entity SCPU_ctrl does not have driver. [D:/Vivado_Labs/Lab5/OExp05-Pipeline_CPU/OExp05-Pipeline_CPU.srcs/sources_1/new/SCPU_ctrl.v:36]
WARNING: [Synth 8-3848] Net Imm_out_ID in module/entity Pipeline_ID does not have driver. [D:/Vivado_Labs/Lab5/OExp05-Pipeline_CPU/OExp05-Pipeline_CPU.srcs/sources_1/new/Pipeline_ID.v:33]
WARNING: [Synth 8-3848] Net RegWrite_out_EXMeme in module/entity Pipeline_CPU does not have driver. [D:/Vivado_Labs/Lab5/OExp05-Pipeline_CPU/OExp05-Pipeline_CPU.srcs/sources_1/new/Pipeline_CPU.v:246]
WARNING: [Synth 8-7129] Port CPU_MIO in module SCPU_ctrl is either unconnected or has no load
WARNING: [Synth 8-7129] Port MIO_ready in module SCPU_ctrl is either unconnected or has no load
WARNING: [Synth 8-7129] Port inst_field[6] in module ImmGen is either unconnected or has no load
WARNING: [Synth 8-7129] Port inst_field[5] in module ImmGen is either unconnected or has no load
WARNING: [Synth 8-7129] Port inst_field[4] in module ImmGen is either unconnected or has no load
WARNING: [Synth 8-7129] Port inst_field[3] in module ImmGen is either unconnected or has no load
WARNING: [Synth 8-7129] Port inst_field[2] in module ImmGen is either unconnected or has no load
WARNING: [Synth 8-7129] Port inst_field[1] in module ImmGen is either unconnected or has no load
WARNING: [Synth 8-7129] Port inst_field[0] in module ImmGen is either unconnected or has no load
WARNING: [Synth 8-7129] Port Imm_out_ID[31] in module Pipeline_ID is either unconnected or has no load
WARNING: [Synth 8-7129] Port Imm_out_ID[30] in module Pipeline_ID is either unconnected or has no load
WARNING: [Synth 8-7129] Port Imm_out_ID[29] in module Pipeline_ID is either unconnected or has no load
WARNING: [Synth 8-7129] Port Imm_out_ID[28] in module Pipeline_ID is either unconnected or has no load
WARNING: [Synth 8-7129] Port Imm_out_ID[27] in module Pipeline_ID is either unconnected or has no load
WARNING: [Synth 8-7129] Port Imm_out_ID[26] in module Pipeline_ID is either unconnected or has no load
WARNING: [Synth 8-7129] Port Imm_out_ID[25] in module Pipeline_ID is either unconnected or has no load
WARNING: [Synth 8-7129] Port Imm_out_ID[24] in module Pipeline_ID is either unconnected or has no load
WARNING: [Synth 8-7129] Port Imm_out_ID[23] in module Pipeline_ID is either unconnected or has no load
WARNING: [Synth 8-7129] Port Imm_out_ID[22] in module Pipeline_ID is either unconnected or has no load
WARNING: [Synth 8-7129] Port Imm_out_ID[21] in module Pipeline_ID is either unconnected or has no load
WARNING: [Synth 8-7129] Port Imm_out_ID[20] in module Pipeline_ID is either unconnected or has no load
WARNING: [Synth 8-7129] Port Imm_out_ID[19] in module Pipeline_ID is either unconnected or has no load
WARNING: [Synth 8-7129] Port Imm_out_ID[18] in module Pipeline_ID is either unconnected or has no load
WARNING: [Synth 8-7129] Port Imm_out_ID[17] in module Pipeline_ID is either unconnected or has no load
WARNING: [Synth 8-7129] Port Imm_out_ID[16] in module Pipeline_ID is either unconnected or has no load
WARNING: [Synth 8-7129] Port Imm_out_ID[15] in module Pipeline_ID is either unconnected or has no load
WARNING: [Synth 8-7129] Port Imm_out_ID[14] in module Pipeline_ID is either unconnected or has no load
WARNING: [Synth 8-7129] Port Imm_out_ID[13] in module Pipeline_ID is either unconnected or has no load
WARNING: [Synth 8-7129] Port Imm_out_ID[12] in module Pipeline_ID is either unconnected or has no load
WARNING: [Synth 8-7129] Port Imm_out_ID[11] in module Pipeline_ID is either unconnected or has no load
WARNING: [Synth 8-7129] Port Imm_out_ID[10] in module Pipeline_ID is either unconnected or has no load
WARNING: [Synth 8-7129] Port Imm_out_ID[9] in module Pipeline_ID is either unconnected or has no load
WARNING: [Synth 8-7129] Port Imm_out_ID[8] in module Pipeline_ID is either unconnected or has no load
WARNING: [Synth 8-7129] Port Imm_out_ID[7] in module Pipeline_ID is either unconnected or has no load
WARNING: [Synth 8-7129] Port Imm_out_ID[6] in module Pipeline_ID is either unconnected or has no load
WARNING: [Synth 8-7129] Port Imm_out_ID[5] in module Pipeline_ID is either unconnected or has no load
WARNING: [Synth 8-7129] Port Imm_out_ID[4] in module Pipeline_ID is either unconnected or has no load
WARNING: [Synth 8-7129] Port Imm_out_ID[3] in module Pipeline_ID is either unconnected or has no load
WARNING: [Synth 8-7129] Port Imm_out_ID[2] in module Pipeline_ID is either unconnected or has no load
WARNING: [Synth 8-7129] Port Imm_out_ID[1] in module Pipeline_ID is either unconnected or has no load
WARNING: [Synth 8-7129] Port Imm_out_ID[0] in module Pipeline_ID is either unconnected or has no load
WARNING: [Synth 8-7129] Port Rd_addr_ID[31] in module Pipeline_ID is either unconnected or has no load
WARNING: [Synth 8-7129] Port Rd_addr_ID[30] in module Pipeline_ID is either unconnected or has no load
WARNING: [Synth 8-7129] Port Rd_addr_ID[29] in module Pipeline_ID is either unconnected or has no load
WARNING: [Synth 8-7129] Port Rd_addr_ID[28] in module Pipeline_ID is either unconnected or has no load
WARNING: [Synth 8-7129] Port Rd_addr_ID[27] in module Pipeline_ID is either unconnected or has no load
WARNING: [Synth 8-7129] Port Rd_addr_ID[26] in module Pipeline_ID is either unconnected or has no load
WARNING: [Synth 8-7129] Port Rd_addr_ID[25] in module Pipeline_ID is either unconnected or has no load
WARNING: [Synth 8-7129] Port Rd_addr_ID[24] in module Pipeline_ID is either unconnected or has no load
WARNING: [Synth 8-7129] Port Rd_addr_ID[23] in module Pipeline_ID is either unconnected or has no load
WARNING: [Synth 8-7129] Port Rd_addr_ID[22] in module Pipeline_ID is either unconnected or has no load
WARNING: [Synth 8-7129] Port Rd_addr_ID[21] in module Pipeline_ID is either unconnected or has no load
WARNING: [Synth 8-7129] Port Rd_addr_ID[20] in module Pipeline_ID is either unconnected or has no load
WARNING: [Synth 8-7129] Port Rd_addr_ID[19] in module Pipeline_ID is either unconnected or has no load
WARNING: [Synth 8-7129] Port Rd_addr_ID[18] in module Pipeline_ID is either unconnected or has no load
WARNING: [Synth 8-7129] Port Rd_addr_ID[17] in module Pipeline_ID is either unconnected or has no load
WARNING: [Synth 8-7129] Port Rd_addr_ID[16] in module Pipeline_ID is either unconnected or has no load
WARNING: [Synth 8-7129] Port Rd_addr_ID[15] in module Pipeline_ID is either unconnected or has no load
WARNING: [Synth 8-7129] Port Rd_addr_ID[14] in module Pipeline_ID is either unconnected or has no load
WARNING: [Synth 8-7129] Port Rd_addr_ID[13] in module Pipeline_ID is either unconnected or has no load
WARNING: [Synth 8-7129] Port Rd_addr_ID[12] in module Pipeline_ID is either unconnected or has no load
WARNING: [Synth 8-7129] Port Rd_addr_ID[11] in module Pipeline_ID is either unconnected or has no load
WARNING: [Synth 8-7129] Port Rd_addr_ID[10] in module Pipeline_ID is either unconnected or has no load
WARNING: [Synth 8-7129] Port Rd_addr_ID[9] in module Pipeline_ID is either unconnected or has no load
WARNING: [Synth 8-7129] Port Rd_addr_ID[8] in module Pipeline_ID is either unconnected or has no load
WARNING: [Synth 8-7129] Port Rd_addr_ID[7] in module Pipeline_ID is either unconnected or has no load
WARNING: [Synth 8-7129] Port Rd_addr_ID[6] in module Pipeline_ID is either unconnected or has no load
WARNING: [Synth 8-7129] Port Rd_addr_ID[5] in module Pipeline_ID is either unconnected or has no load
WARNING: [Synth 8-7129] Port RegWrite_in_ID[31] in module Pipeline_ID is either unconnected or has no load
WARNING: [Synth 8-7129] Port RegWrite_in_ID[30] in module Pipeline_ID is either unconnected or has no load
WARNING: [Synth 8-7129] Port RegWrite_in_ID[29] in module Pipeline_ID is either unconnected or has no load
WARNING: [Synth 8-7129] Port RegWrite_in_ID[28] in module Pipeline_ID is either unconnected or has no load
WARNING: [Synth 8-7129] Port RegWrite_in_ID[27] in module Pipeline_ID is either unconnected or has no load
WARNING: [Synth 8-7129] Port RegWrite_in_ID[26] in module Pipeline_ID is either unconnected or has no load
WARNING: [Synth 8-7129] Port RegWrite_in_ID[25] in module Pipeline_ID is either unconnected or has no load
WARNING: [Synth 8-7129] Port RegWrite_in_ID[24] in module Pipeline_ID is either unconnected or has no load
WARNING: [Synth 8-7129] Port RegWrite_in_ID[23] in module Pipeline_ID is either unconnected or has no load
WARNING: [Synth 8-7129] Port RegWrite_in_ID[22] in module Pipeline_ID is either unconnected or has no load
WARNING: [Synth 8-7129] Port RegWrite_in_ID[21] in module Pipeline_ID is either unconnected or has no load
WARNING: [Synth 8-7129] Port RegWrite_in_ID[20] in module Pipeline_ID is either unconnected or has no load
WARNING: [Synth 8-7129] Port RegWrite_in_ID[19] in module Pipeline_ID is either unconnected or has no load
WARNING: [Synth 8-7129] Port RegWrite_in_ID[18] in module Pipeline_ID is either unconnected or has no load
WARNING: [Synth 8-7129] Port RegWrite_in_ID[17] in module Pipeline_ID is either unconnected or has no load
WARNING: [Synth 8-7129] Port RegWrite_in_ID[16] in module Pipeline_ID is either unconnected or has no load
WARNING: [Synth 8-7129] Port RegWrite_in_ID[15] in module Pipeline_ID is either unconnected or has no load
WARNING: [Synth 8-7129] Port RegWrite_in_ID[14] in module Pipeline_ID is either unconnected or has no load
WARNING: [Synth 8-7129] Port RegWrite_in_ID[13] in module Pipeline_ID is either unconnected or has no load
WARNING: [Synth 8-7129] Port RegWrite_in_ID[12] in module Pipeline_ID is either unconnected or has no load
WARNING: [Synth 8-7129] Port RegWrite_in_ID[11] in module Pipeline_ID is either unconnected or has no load
WARNING: [Synth 8-7129] Port RegWrite_in_ID[10] in module Pipeline_ID is either unconnected or has no load
WARNING: [Synth 8-7129] Port RegWrite_in_ID[9] in module Pipeline_ID is either unconnected or has no load
WARNING: [Synth 8-7129] Port RegWrite_in_ID[8] in module Pipeline_ID is either unconnected or has no load
WARNING: [Synth 8-7129] Port RegWrite_in_ID[7] in module Pipeline_ID is either unconnected or has no load
WARNING: [Synth 8-7129] Port RegWrite_in_ID[6] in module Pipeline_ID is either unconnected or has no load
WARNING: [Synth 8-7129] Port RegWrite_in_ID[5] in module Pipeline_ID is either unconnected or has no load
WARNING: [Synth 8-7129] Port RegWrite_in_ID[4] in module Pipeline_ID is either unconnected or has no load
WARNING: [Synth 8-7129] Port RegWrite_in_ID[3] in module Pipeline_ID is either unconnected or has no load
WARNING: [Synth 8-7129] Port RegWrite_in_ID[2] in module Pipeline_ID is either unconnected or has no load
WARNING: [Synth 8-7129] Port RegWrite_in_ID[1] in module Pipeline_ID is either unconnected or has no load
WARNING: [Synth 8-7129] Port PCSrc[31] in module Pipeline_IF is either unconnected or has no load
INFO: [Common 17-14] Message 'Synth 8-7129' appears 100 times and further instances of the messages will be disabled. Use the Tcl command set_msg_config to change the current settings.
---------------------------------------------------------------------------------
Finished RTL Elaboration : Time (s): cpu = 00:00:02 ; elapsed = 00:00:05 . Memory (MB): peak = 1460.945 ; gain = 553.246
---------------------------------------------------------------------------------
---------------------------------------------------------------------------------
Start Handling Custom Attributes
---------------------------------------------------------------------------------
---------------------------------------------------------------------------------
Finished Handling Custom Attributes : Time (s): cpu = 00:00:02 ; elapsed = 00:00:05 . Memory (MB): peak = 1460.945 ; gain = 553.246
---------------------------------------------------------------------------------
---------------------------------------------------------------------------------
Finished RTL Optimization Phase 1 : Time (s): cpu = 00:00:02 ; elapsed = 00:00:05 . Memory (MB): peak = 1460.945 ; gain = 553.246
---------------------------------------------------------------------------------
Netlist sorting complete. Time (s): cpu = 00:00:00 ; elapsed = 00:00:00.026 . Memory (MB): peak = 1460.945 ; gain = 0.000
INFO: [Project 1-570] Preparing netlist for logic optimization

Processing XDC Constraints
Initializing timing engine
Parsing XDC File [D:/Vivado_Labs/Lab5/OExp05-Pipeline_CPU/OExp05-Pipeline_CPU.runs/synth_1/dont_touch.xdc]
Finished Parsing XDC File [D:/Vivado_Labs/Lab5/OExp05-Pipeline_CPU/OExp05-Pipeline_CPU.runs/synth_1/dont_touch.xdc]
Completed Processing XDC Constraints

Netlist sorting complete. Time (s): cpu = 00:00:00 ; elapsed = 00:00:00 . Memory (MB): peak = 1483.953 ; gain = 0.000
INFO: [Project 1-111] Unisim Transformation Summary:
No Unisim elements were transformed.

系统找不到指定的路径。
Constraint Validation Runtime : Time (s): cpu = 00:00:00 ; elapsed = 00:00:00.006 . Memory (MB): peak = 1483.953 ; gain = 0.000
INFO: [Designutils 20-5440] No compile time benefit to using incremental synthesis; A full resynthesis will be run
INFO: [Designutils 20-4379] Flow is switching to default flow due to incremental criteria not met. If you would like to alter this behaviour and have the flow terminate instead, please set the following parameter config_implementation {autoIncr.Synth.RejectBehavior Terminate}
---------------------------------------------------------------------------------
Finished Constraint Validation : Time (s): cpu = 00:00:04 ; elapsed = 00:00:11 . Memory (MB): peak = 1483.953 ; gain = 576.254
---------------------------------------------------------------------------------
---------------------------------------------------------------------------------
Start Loading Part and Timing Information
---------------------------------------------------------------------------------
Loading part: xc7a100tcsg324-1
---------------------------------------------------------------------------------
Finished Loading Part and Timing Information : Time (s): cpu = 00:00:04 ; elapsed = 00:00:11 . Memory (MB): peak = 1483.953 ; gain = 576.254
---------------------------------------------------------------------------------
---------------------------------------------------------------------------------
Start Applying 'set_property' XDC Constraints
---------------------------------------------------------------------------------
Applied set_property KEEP_HIERARCHY = SOFT for Instruction_Fetch/MUX2T1_32. (constraint file  auto generated constraint).
Applied set_property KEEP_HIERARCHY = SOFT for Instruction_Decoder/Regs_0. (constraint file  auto generated constraint).
---------------------------------------------------------------------------------
Finished applying 'set_property' XDC Constraints : Time (s): cpu = 00:00:04 ; elapsed = 00:00:11 . Memory (MB): peak = 1483.953 ; gain = 576.254
---------------------------------------------------------------------------------
---------------------------------------------------------------------------------
Finished RTL Optimization Phase 2 : Time (s): cpu = 00:00:04 ; elapsed = 00:00:12 . Memory (MB): peak = 1483.953 ; gain = 576.254
---------------------------------------------------------------------------------
---------------------------------------------------------------------------------
Start RTL Component Statistics 
---------------------------------------------------------------------------------
Detailed RTL Component Info : 
+---Adders : 
	   2 Input   32 Bit       Adders := 1     
+---Registers : 
	               32 Bit    Registers := 41    
	                3 Bit    Registers := 1     
	                2 Bit    Registers := 1     
	                1 Bit    Registers := 5     
+---Muxes : 
	   2 Input   32 Bit        Muxes := 1     
	  33 Input   32 Bit        Muxes := 2     
	   4 Input   32 Bit        Muxes := 1     
	  17 Input    3 Bit        Muxes := 1     
	   7 Input    2 Bit        Muxes := 3     
	   2 Input    1 Bit        Muxes := 32    
	   7 Input    1 Bit        Muxes := 5     
---------------------------------------------------------------------------------
Finished RTL Component Statistics 
---------------------------------------------------------------------------------
---------------------------------------------------------------------------------
Start Part Resource Summary
---------------------------------------------------------------------------------
Part Resources:
DSPs: 240 (col length:80)
BRAMs: 270 (col length: RAMB18 80 RAMB36 40)
---------------------------------------------------------------------------------
Finished Part Resource Summary
---------------------------------------------------------------------------------
---------------------------------------------------------------------------------
Start Cross Boundary and Area Optimization
---------------------------------------------------------------------------------
WARNING: [Synth 8-7080] Parallel synthesis criteria is not met
---------------------------------------------------------------------------------
Finished Cross Boundary and Area Optimization : Time (s): cpu = 00:00:04 ; elapsed = 00:00:14 . Memory (MB): peak = 1483.953 ; gain = 576.254
---------------------------------------------------------------------------------
---------------------------------------------------------------------------------
Start Applying XDC Timing Constraints
---------------------------------------------------------------------------------
---------------------------------------------------------------------------------
Finished Applying XDC Timing Constraints : Time (s): cpu = 00:00:05 ; elapsed = 00:00:18 . Memory (MB): peak = 1483.953 ; gain = 576.254
---------------------------------------------------------------------------------
---------------------------------------------------------------------------------
Start Timing Optimization
---------------------------------------------------------------------------------
---------------------------------------------------------------------------------
Finished Timing Optimization : Time (s): cpu = 00:00:05 ; elapsed = 00:00:18 . Memory (MB): peak = 1483.953 ; gain = 576.254
---------------------------------------------------------------------------------
---------------------------------------------------------------------------------
Start Technology Mapping
---------------------------------------------------------------------------------
---------------------------------------------------------------------------------
Finished Technology Mapping : Time (s): cpu = 00:00:05 ; elapsed = 00:00:18 . Memory (MB): peak = 1483.953 ; gain = 576.254
---------------------------------------------------------------------------------
---------------------------------------------------------------------------------
Start IO Insertion
---------------------------------------------------------------------------------
---------------------------------------------------------------------------------
Start Flattening Before IO Insertion
---------------------------------------------------------------------------------
---------------------------------------------------------------------------------
Finished Flattening Before IO Insertion
---------------------------------------------------------------------------------
---------------------------------------------------------------------------------
Start Final Netlist Cleanup
---------------------------------------------------------------------------------
---------------------------------------------------------------------------------
Finished Final Netlist Cleanup
---------------------------------------------------------------------------------
CRITICAL WARNING: [Synth 8-4442] BlackBox module Mem_reg_WB has unconnected pin RegWrite_in_MemWB
---------------------------------------------------------------------------------
Finished IO Insertion : Time (s): cpu = 00:00:06 ; elapsed = 00:00:21 . Memory (MB): peak = 1483.953 ; gain = 576.254
---------------------------------------------------------------------------------
---------------------------------------------------------------------------------
Start Renaming Generated Instances
---------------------------------------------------------------------------------
---------------------------------------------------------------------------------
Finished Renaming Generated Instances : Time (s): cpu = 00:00:06 ; elapsed = 00:00:21 . Memory (MB): peak = 1483.953 ; gain = 576.254
---------------------------------------------------------------------------------
---------------------------------------------------------------------------------
Start Rebuilding User Hierarchy
---------------------------------------------------------------------------------
---------------------------------------------------------------------------------
Finished Rebuilding User Hierarchy : Time (s): cpu = 00:00:06 ; elapsed = 00:00:22 . Memory (MB): peak = 1483.953 ; gain = 576.254
---------------------------------------------------------------------------------
---------------------------------------------------------------------------------
Start Renaming Generated Ports
---------------------------------------------------------------------------------
---------------------------------------------------------------------------------
Finished Renaming Generated Ports : Time (s): cpu = 00:00:06 ; elapsed = 00:00:22 . Memory (MB): peak = 1483.953 ; gain = 576.254
---------------------------------------------------------------------------------
---------------------------------------------------------------------------------
Start Handling Custom Attributes
---------------------------------------------------------------------------------
---------------------------------------------------------------------------------
Finished Handling Custom Attributes : Time (s): cpu = 00:00:06 ; elapsed = 00:00:22 . Memory (MB): peak = 1483.953 ; gain = 576.254
---------------------------------------------------------------------------------
---------------------------------------------------------------------------------
Start Renaming Generated Nets
---------------------------------------------------------------------------------
---------------------------------------------------------------------------------
Finished Renaming Generated Nets : Time (s): cpu = 00:00:06 ; elapsed = 00:00:22 . Memory (MB): peak = 1483.953 ; gain = 576.254
---------------------------------------------------------------------------------
---------------------------------------------------------------------------------
Start Writing Synthesis Report
---------------------------------------------------------------------------------

Report BlackBoxes: 
+------+--------------+----------+
|      |BlackBox name |Instances |
+------+--------------+----------+
|1     |Pipeline_Ex   |         1|
|2     |Ex_reg_Mem    |         1|
|3     |Pipeline_Mem  |         1|
|4     |Mem_reg_WB    |         1|
|5     |Pipeline_WB   |         1|
+------+--------------+----------+

Report Cell Usage: 
+------+------------------+------+
|      |Cell              |Count |
+------+------------------+------+
|1     |Ex_reg_Mem_bbox   |     1|
|2     |Mem_reg_WB_bbox   |     1|
|3     |Pipeline_Ex_bbox  |     1|
|4     |Pipeline_Mem_bbox |     1|
|5     |Pipeline_WB_bbox  |     1|
|6     |BUFG              |     1|
|7     |CARRY4            |     8|
|8     |LUT1              |     1|
|9     |LUT3              |    32|
|10    |LUT4              |     4|
|11    |LUT5              |    70|
|12    |LUT6              |   544|
|13    |MUXF7             |   256|
|14    |FDCE              |  1198|
|15    |IBUF              |    66|
|16    |OBUF              |   226|
+------+------------------+------+
---------------------------------------------------------------------------------
Finished Writing Synthesis Report : Time (s): cpu = 00:00:06 ; elapsed = 00:00:22 . Memory (MB): peak = 1483.953 ; gain = 576.254
---------------------------------------------------------------------------------
Synthesis finished with 0 errors, 1 critical warnings and 1 warnings.
Synthesis Optimization Runtime : Time (s): cpu = 00:00:04 ; elapsed = 00:00:20 . Memory (MB): peak = 1483.953 ; gain = 553.246
Synthesis Optimization Complete : Time (s): cpu = 00:00:06 ; elapsed = 00:00:22 . Memory (MB): peak = 1483.953 ; gain = 576.254
INFO: [Project 1-571] Translating synthesized netlist
Parsing EDIF File [D:/Vivado_Labs/Lab5/pre/Pipeline_Ex.edf]
Finished Parsing EDIF File [D:/Vivado_Labs/Lab5/pre/Pipeline_Ex.edf]
Parsing EDIF File [D:/Vivado_Labs/Lab5/pre/Ex_reg_Mem.edf]
Finished Parsing EDIF File [D:/Vivado_Labs/Lab5/pre/Ex_reg_Mem.edf]
Parsing EDIF File [D:/Vivado_Labs/Lab5/pre/Pipeline_Mem.edf]
Finished Parsing EDIF File [D:/Vivado_Labs/Lab5/pre/Pipeline_Mem.edf]
Parsing EDIF File [D:/Vivado_Labs/Lab5/pre/Mem_reg_WB.edf]
Finished Parsing EDIF File [D:/Vivado_Labs/Lab5/pre/Mem_reg_WB.edf]
Parsing EDIF File [D:/Vivado_Labs/Lab5/pre/Pipeline_WB.edf]
Finished Parsing EDIF File [D:/Vivado_Labs/Lab5/pre/Pipeline_WB.edf]
Netlist sorting complete. Time (s): cpu = 00:00:00 ; elapsed = 00:00:00.028 . Memory (MB): peak = 1488.023 ; gain = 0.000
INFO: [Netlist 29-17] Analyzing 301 Unisim elements for replacement
INFO: [Netlist 29-28] Unisim Transformation completed in 0 CPU seconds
INFO: [Project 1-479] Netlist was created with Vivado 2017.4
INFO: [Project 1-570] Preparing netlist for logic optimization
INFO: [Opt 31-138] Pushed 0 inverter(s) to 0 load pin(s).
Netlist sorting complete. Time (s): cpu = 00:00:00 ; elapsed = 00:00:00.001 . Memory (MB): peak = 1495.664 ; gain = 0.000
INFO: [Project 1-111] Unisim Transformation Summary:
No Unisim elements were transformed.

系统找不到指定的路径。
Synth Design complete | Checksum: 131fc243
INFO: [Common 17-83] Releasing license: Synthesis
57 Infos, 152 Warnings, 1 Critical Warnings and 0 Errors encountered.
synth_design completed successfully
synth_design: Time (s): cpu = 00:00:07 ; elapsed = 00:00:26 . Memory (MB): peak = 1495.664 ; gain = 998.074
INFO: [runtcl-6] Synthesis results are not added to the cache due to CRITICAL_WARNING
Write ShapeDB Complete: Time (s): cpu = 00:00:00 ; elapsed = 00:00:00.004 . Memory (MB): peak = 1495.664 ; gain = 0.000
INFO: [Common 17-1381] The checkpoint 'D:/Vivado_Labs/Lab5/OExp05-Pipeline_CPU/OExp05-Pipeline_CPU.runs/synth_1/Pipeline_CPU.dcp' has been generated.
INFO: [runtcl-4] Executing : report_utilization -file Pipeline_CPU_utilization_synth.rpt -pb Pipeline_CPU_utilization_synth.pb
INFO: [Common 17-206] Exiting Vivado at Tue Dec 24 17:34:00 2024...
