#-----------------------------------------------------------
# Vivado v2017.4 (64-bit)
# SW Build 2086221 on Fri Dec 15 20:55:39 MST 2017
# IP Build 2085800 on Fri Dec 15 22:25:07 MST 2017
# Start of session at: Fri Sep 20 15:10:18 2024
# Process ID: 13208
# Current directory: D:/Vivado_Labs/Lab1/OExp01-seq_moore
# Command line: vivado.exe -gui_launcher_event rodinguilauncherevent25376 D:\Vivado_Labs\Lab1\OExp01-seq_moore\seq_moore.xpr
# Log file: D:/Vivado_Labs/Lab1/OExp01-seq_moore/vivado.log
# Journal file: D:/Vivado_Labs/Lab1/OExp01-seq_moore\vivado.jou
#-----------------------------------------------------------
start_gui
open_project D:/Vivado_Labs/Lab1/OExp01-seq_moore/seq_moore.xpr
INFO: [Project 1-313] Project file moved from 'C:/Users/ASUS/Desktop/OExp_RISCV/OExp01/OExp01-seq_moore' since last save.
Scanning sources...
Finished scanning sources
INFO: [IP_Flow 19-234] Refreshing IP repositories
INFO: [IP_Flow 19-1704] No user IP repositories specified
INFO: [IP_Flow 19-2313] Loaded Vivado IP repository 'D:/apps/Vivado/Vivado/2017.4/data/ip'.
INFO: [Common 17-41] Interrupt caught. Command should exit soon.
INFO: [Common 17-344] 'open_project' was cancelled
exit
INFO: [Common 17-206] Exiting Vivado at Fri Sep 20 15:10:57 2024...
